{"level":"warn","message":"Create user aborted: Username already in use","timestamp":"2023-12-12T11:08:29.440Z"}
{"level":"info","message":"User created successfully","timestamp":"2023-12-12T11:09:09.736Z"}
{"level":"warn","message":"Incorrect username or password","timestamp":"2023-12-12T11:09:24.776Z"}
{"level":"error","message":"Error in logging in","timestamp":"2023-12-12T11:09:24.777Z"}
{"level":"info","message":"Logged in successfully","timestamp":"2023-12-12T11:09:30.284Z"}
{"level":"info","message":"Successfully fetched list of all cars","timestamp":"2023-12-12T11:09:31.139Z"}
{"level":"info","message":"Successfully fetched list of all cars","timestamp":"2023-12-12T11:09:39.608Z"}
{"level":"info","message":"Car deleted successfully","timestamp":"2023-12-12T11:09:43.210Z"}
{"level":"info","message":"Successfully fetched list of all cars","timestamp":"2023-12-12T11:09:44.028Z"}
{"level":"warn","message":"Error in creating a car: Please enter positive value for rent","timestamp":"2023-12-12T11:11:14.985Z"}
{"level":"info","message":"Created a new car successfully","timestamp":"2023-12-12T11:11:34.967Z"}
{"level":"info","message":"Successfully fetched list of all cars","timestamp":"2023-12-12T11:11:35.888Z"}
{"level":"info","message":"Successfully returned all bookings","timestamp":"2023-12-12T11:11:45.271Z"}
{"level":"info","message":"Successfully fetched list of all cars","timestamp":"2023-12-12T11:12:09.945Z"}
{"level":"info","message":"Successfully fetched list of all cars","timestamp":"2023-12-12T11:22:58.233Z"}
{"level":"info","message":"Successfully fetched list of all cars","timestamp":"2023-12-12T11:23:08.624Z"}
{"level":"warn","message":"Error in creating a car: Please enter positive value for rent","timestamp":"2023-12-12T11:24:04.967Z"}
{"level":"warn","message":"Error in creating a car: Please enter positive value for rent","timestamp":"2023-12-12T11:25:04.552Z"}
{"level":"warn","message":"Error in creating a car: Please enter positive value for capacity","timestamp":"2023-12-12T11:25:16.656Z"}
{"level":"warn","message":"Error in creating a car: Please enter positive value for rent","timestamp":"2023-12-13T11:16:53.387Z"}
{"level":"warn","message":"Error in creating a car: Please enter positive value for capacity","timestamp":"2023-12-13T11:16:53.392Z"}
{"level":"warn","message":"Error in creating a car: Please enter positive value for rent","timestamp":"2023-12-13T11:19:55.416Z"}
{"level":"warn","message":"Error in creating a car: Please enter positive value for capacity","timestamp":"2023-12-13T11:19:55.421Z"}
{"level":"warn","message":"Error in creating a car: Please enter positive value for rent","timestamp":"2023-12-13T11:21:09.614Z"}
{"level":"warn","message":"Error in creating a car: Please enter positive value for capacity","timestamp":"2023-12-13T11:21:09.620Z"}
{"level":"warn","message":"Error in creating a car: Please enter positive value for rent","timestamp":"2023-12-13T11:27:11.508Z"}
{"level":"warn","message":"Error in creating a car: Please enter positive value for capacity","timestamp":"2023-12-13T11:27:11.517Z"}
{"level":"warn","message":"Error in creating a car: Please enter positive value for rent","timestamp":"2023-12-13T11:28:48.701Z"}
{"level":"warn","message":"Error in creating a car: Please enter positive value for capacity","timestamp":"2023-12-13T11:28:48.710Z"}
{"level":"warn","message":"Error in creating a car: Please enter positive value for rent","timestamp":"2023-12-13T11:29:40.456Z"}
{"level":"warn","message":"Error in creating a car: Please enter positive value for capacity","timestamp":"2023-12-13T11:29:40.466Z"}
{"level":"info","message":"Successfully fetched list of all cars","timestamp":"2023-12-13T14:28:45.591Z"}
{"level":"info","message":"Logged in successfully","timestamp":"2023-12-13T14:29:59.746Z"}
{"level":"info","message":"Successfully fetched list of all cars","timestamp":"2023-12-13T14:30:00.826Z"}
{"level":"info","message":"Successfully returned all bookings","timestamp":"2023-12-13T14:30:02.606Z"}
{"level":"info","message":"Successfully returned all bookings","timestamp":"2023-12-13T14:31:50.705Z"}
{"level":"info","message":"Successfully returned all bookings","timestamp":"2023-12-13T14:32:42.981Z"}
{"level":"info","message":"Successfully returned all bookings","timestamp":"2023-12-13T14:35:04.432Z"}
{"level":"info","message":"Successfully returned all bookings","timestamp":"2023-12-13T14:35:37.303Z"}
{"level":"info","message":"Successfully fetched list of all cars","timestamp":"2023-12-13T14:47:31.220Z"}
{"level":"info","message":"Logged in successfully","timestamp":"2023-12-13T14:47:57.277Z"}
{"level":"info","message":"Successfully fetched list of all cars","timestamp":"2023-12-13T14:47:58.134Z"}
{"level":"info","message":"Successfully returned all bookings","timestamp":"2023-12-13T14:48:01.753Z"}
{"level":"info","message":"Logged in successfully","timestamp":"2023-12-13T14:54:00.706Z"}
{"level":"info","message":"Successfully fetched list of all cars","timestamp":"2023-12-13T14:54:01.394Z"}
{"level":"info","message":"Successfully returned all bookings","timestamp":"2023-12-13T14:54:03.795Z"}
{"level":"info","message":"Successfully fetched list of all cars","timestamp":"2023-12-13T14:56:11.100Z"}
{"level":"warn","message":"Incorrect username or password","timestamp":"2023-12-13T14:56:26.050Z"}
{"level":"info","message":"User created successfully","timestamp":"2023-12-13T14:56:40.902Z"}
{"level":"info","message":"Logged in successfully","timestamp":"2023-12-13T14:56:50.978Z"}
{"level":"info","message":"Successfully fetched list of all cars","timestamp":"2023-12-13T14:56:51.636Z"}
{"level":"info","message":"Successfully fetched list of all cars","timestamp":"2023-12-13T14:56:54.249Z"}
{"level":"info","message":"Created a new car successfully","timestamp":"2023-12-13T14:57:23.137Z"}
{"level":"info","message":"Successfully fetched list of all cars","timestamp":"2023-12-13T14:57:23.894Z"}
{"level":"info","message":"Successfully returned all bookings","timestamp":"2023-12-13T14:57:25.470Z"}
{"level":"info","message":"Successfully fetched list of all cars","timestamp":"2023-12-13T14:57:27.327Z"}
{"level":"info","message":"Booking Succesful","timestamp":"2023-12-13T14:58:42.484Z"}
{"level":"info","message":"Successfully returned all bookings","timestamp":"2023-12-13T14:58:43.241Z"}
{"level":"info","message":"Successfully fetched list of all cars","timestamp":"2023-12-13T14:58:45.980Z"}
{"level":"info","message":"Error in deleting the car","timestamp":"2023-12-13T14:58:48.288Z"}
{"level":"info","message":"Error in deleting the car","timestamp":"2023-12-13T15:00:09.666Z"}
{"level":"info","message":"Error in deleting the car","timestamp":"2023-12-13T15:01:58.955Z"}
{"level":"info","message":"Error in deleting the car","timestamp":"2023-12-13T15:02:19.913Z"}
{"level":"info","message":"Error in deleting the car","timestamp":"2023-12-13T15:02:39.963Z"}
{"level":"info","message":"Car deleted successfully and bookings related to it also deleted","timestamp":"2023-12-13T15:03:11.613Z"}
{"level":"info","message":"Successfully fetched list of all cars","timestamp":"2023-12-13T15:03:12.480Z"}
{"level":"info","message":"Successfully returned all bookings","timestamp":"2023-12-13T15:03:15.575Z"}
