{"level":"warn","message":"Create user aborted: Username already in use","timestamp":"2023-12-12T11:08:29.440Z"}
{"level":"info","message":"User created successfully","timestamp":"2023-12-12T11:09:09.736Z"}
{"level":"warn","message":"Incorrect username or password","timestamp":"2023-12-12T11:09:24.776Z"}
{"level":"error","message":"Error in logging in","timestamp":"2023-12-12T11:09:24.777Z"}
{"level":"info","message":"Logged in successfully","timestamp":"2023-12-12T11:09:30.284Z"}
{"level":"info","message":"Successfully fetched list of all cars","timestamp":"2023-12-12T11:09:31.139Z"}
{"level":"info","message":"Successfully fetched list of all cars","timestamp":"2023-12-12T11:09:39.608Z"}
{"level":"info","message":"Car deleted successfully","timestamp":"2023-12-12T11:09:43.210Z"}
{"level":"info","message":"Successfully fetched list of all cars","timestamp":"2023-12-12T11:09:44.028Z"}
{"level":"warn","message":"Error in creating a car: Please enter positive value for rent","timestamp":"2023-12-12T11:11:14.985Z"}
{"level":"info","message":"Created a new car successfully","timestamp":"2023-12-12T11:11:34.967Z"}
{"level":"info","message":"Successfully fetched list of all cars","timestamp":"2023-12-12T11:11:35.888Z"}
{"level":"info","message":"Successfully returned all bookings","timestamp":"2023-12-12T11:11:45.271Z"}
{"level":"info","message":"Successfully fetched list of all cars","timestamp":"2023-12-12T11:12:09.945Z"}
{"level":"info","message":"Successfully fetched list of all cars","timestamp":"2023-12-12T11:22:58.233Z"}
{"level":"info","message":"Successfully fetched list of all cars","timestamp":"2023-12-12T11:23:08.624Z"}
{"level":"warn","message":"Error in creating a car: Please enter positive value for rent","timestamp":"2023-12-12T11:24:04.967Z"}
{"level":"warn","message":"Error in creating a car: Please enter positive value for rent","timestamp":"2023-12-12T11:25:04.552Z"}
{"level":"warn","message":"Error in creating a car: Please enter positive value for capacity","timestamp":"2023-12-12T11:25:16.656Z"}
{"level":"warn","message":"Error in creating a car: Please enter positive value for rent","timestamp":"2023-12-13T11:16:53.387Z"}
{"level":"warn","message":"Error in creating a car: Please enter positive value for capacity","timestamp":"2023-12-13T11:16:53.392Z"}
{"level":"warn","message":"Error in creating a car: Please enter positive value for rent","timestamp":"2023-12-13T11:19:55.416Z"}
{"level":"warn","message":"Error in creating a car: Please enter positive value for capacity","timestamp":"2023-12-13T11:19:55.421Z"}
{"level":"warn","message":"Error in creating a car: Please enter positive value for rent","timestamp":"2023-12-13T11:21:09.614Z"}
{"level":"warn","message":"Error in creating a car: Please enter positive value for capacity","timestamp":"2023-12-13T11:21:09.620Z"}
{"level":"warn","message":"Error in creating a car: Please enter positive value for rent","timestamp":"2023-12-13T11:27:11.508Z"}
{"level":"warn","message":"Error in creating a car: Please enter positive value for capacity","timestamp":"2023-12-13T11:27:11.517Z"}
{"level":"warn","message":"Error in creating a car: Please enter positive value for rent","timestamp":"2023-12-13T11:28:48.701Z"}
{"level":"warn","message":"Error in creating a car: Please enter positive value for capacity","timestamp":"2023-12-13T11:28:48.710Z"}
{"level":"warn","message":"Error in creating a car: Please enter positive value for rent","timestamp":"2023-12-13T11:29:40.456Z"}
{"level":"warn","message":"Error in creating a car: Please enter positive value for capacity","timestamp":"2023-12-13T11:29:40.466Z"}
{"level":"info","message":"User created successfully","timestamp":"2023-12-13T12:47:38.698Z"}
{"level":"info","message":"Logged in successfully","timestamp":"2023-12-13T12:47:47.841Z"}
{"level":"info","message":"Successfully fetched list of all cars","timestamp":"2023-12-13T12:47:48.768Z"}
{"level":"info","message":"Successfully fetched list of all cars","timestamp":"2023-12-13T12:48:03.704Z"}
{"level":"info","message":"Created a new car successfully","timestamp":"2023-12-13T12:49:58.568Z"}
{"level":"info","message":"Successfully fetched list of all cars","timestamp":"2023-12-13T12:49:59.486Z"}
{"level":"info","message":"Successfully fetched list of all cars","timestamp":"2023-12-13T12:50:12.437Z"}
{"level":"info","message":"Successfully fetched list of all cars","timestamp":"2023-12-13T13:11:41.798Z"}
{"level":"info","message":"Logged in successfully","timestamp":"2023-12-13T13:17:17.930Z"}
{"level":"info","message":"Successfully fetched list of all cars","timestamp":"2023-12-13T13:17:18.889Z"}
{"level":"info","message":"Logged in successfully","timestamp":"2023-12-13T13:24:30.441Z"}
{"level":"info","message":"Successfully fetched list of all cars","timestamp":"2023-12-13T13:24:31.507Z"}
{"level":"info","message":"Logged in successfully","timestamp":"2023-12-13T13:25:56.487Z"}
{"level":"info","message":"Successfully fetched list of all cars","timestamp":"2023-12-13T13:25:57.443Z"}
{"level":"info","message":"Logged in successfully","timestamp":"2023-12-13T13:34:48.837Z"}
{"level":"info","message":"Successfully fetched list of all cars","timestamp":"2023-12-13T13:34:49.800Z"}
{"level":"info","message":"Successfully fetched list of all cars","timestamp":"2023-12-13T13:35:08.126Z"}
