{"level":"warn","message":"Create user aborted: Username already in use","timestamp":"2023-12-12T11:08:29.440Z"}
{"level":"warn","message":"Incorrect username or password","timestamp":"2023-12-12T11:09:24.776Z"}
{"level":"error","message":"Error in logging in","timestamp":"2023-12-12T11:09:24.777Z"}
{"level":"warn","message":"Error in creating a car: Please enter positive value for rent","timestamp":"2023-12-12T11:11:14.985Z"}
{"level":"warn","message":"Error in creating a car: Please enter positive value for rent","timestamp":"2023-12-12T11:24:04.967Z"}
{"level":"warn","message":"Error in creating a car: Please enter positive value for rent","timestamp":"2023-12-12T11:25:04.552Z"}
{"level":"warn","message":"Error in creating a car: Please enter positive value for capacity","timestamp":"2023-12-12T11:25:16.656Z"}
{"level":"warn","message":"Error in creating a car: Please enter positive value for rent","timestamp":"2023-12-13T11:16:53.387Z"}
{"level":"warn","message":"Error in creating a car: Please enter positive value for capacity","timestamp":"2023-12-13T11:16:53.392Z"}
{"level":"warn","message":"Error in creating a car: Please enter positive value for rent","timestamp":"2023-12-13T11:19:55.416Z"}
{"level":"warn","message":"Error in creating a car: Please enter positive value for capacity","timestamp":"2023-12-13T11:19:55.421Z"}
{"level":"warn","message":"Error in creating a car: Please enter positive value for rent","timestamp":"2023-12-13T11:21:09.614Z"}
{"level":"warn","message":"Error in creating a car: Please enter positive value for capacity","timestamp":"2023-12-13T11:21:09.620Z"}
{"level":"warn","message":"Error in creating a car: Please enter positive value for rent","timestamp":"2023-12-13T11:27:11.508Z"}
{"level":"warn","message":"Error in creating a car: Please enter positive value for capacity","timestamp":"2023-12-13T11:27:11.517Z"}
{"level":"warn","message":"Error in creating a car: Please enter positive value for rent","timestamp":"2023-12-13T11:28:48.701Z"}
{"level":"warn","message":"Error in creating a car: Please enter positive value for capacity","timestamp":"2023-12-13T11:28:48.710Z"}
{"level":"warn","message":"Error in creating a car: Please enter positive value for rent","timestamp":"2023-12-13T11:29:40.456Z"}
{"level":"warn","message":"Error in creating a car: Please enter positive value for capacity","timestamp":"2023-12-13T11:29:40.466Z"}
{"level":"warn","message":"Incorrect username or password","timestamp":"2023-12-13T14:56:26.050Z"}
